{"/Users/divyanshutyagi/Desktop/vsCode/GIT_REPO/NoteBook/React/Namaste React/Time for Test-13/src/mockTestFile/Sum.js": {"path":"/Users/divyanshutyagi/Desktop/vsCode/GIT_REPO/NoteBook/React/Namaste React/Time for Test-13/src/mockTestFile/Sum.js","statementMap":{"0":{"start":{"line":2,"column":19},"end":{"line":4,"column":1}},"1":{"start":{"line":3,"column":2},"end":{"line":3,"column":15}}},"fnMap":{"0":{"name":"(anonymous_0)","decl":{"start":{"line":2,"column":19},"end":{"line":2,"column":20}},"loc":{"start":{"line":2,"column":29},"end":{"line":4,"column":1}},"line":2}},"branchMap":{},"s":{"0":1,"1":1},"f":{"0":1},"b":{},"_coverageSchema":"1a1c01bbd47fc00a2c39e90264f33305004495a9","hash":"a95d809132b25f66ef298920d1a852ade39c825f"}
}
